<?xml version="1.0" encoding="UTF-8"?>
<!-- Generated by org.testng.reporters.JUnitXMLReporter -->
<testsuite ignored="0" hostname="Jesuwin" failures="1" tests="3" name="Test" time="17.173" errors="0" timestamp="10 Apr 2020 02:39:50 GMT">
  <testcase classname="testcases.test1" name="loginPageTest" time="9.25"/>
  <testcase classname="testcases.test1" name="DashBoardTest" time="4.291"/>
  <testcase classname="testcases.test1" name="assignPageTest" time="0.417">
    <failure type="org.openqa.selenium.NoSuchElementException" message="Cannot locate element with text: Vacation US 
For documentation on this error, please visit: https://www.seleniumhq.org/exceptions/no_such_element.html
Build info: version: &amp;apos;3.141.59&amp;apos;, revision: &amp;apos;e82be7d358&amp;apos;, time: &amp;apos;2018-11-14T08:17:03&amp;apos;
System info: host: &amp;apos;JESUWIN&amp;apos;, ip: &amp;apos;192.168.43.142&amp;apos;, os.name: &amp;apos;Windows 10&amp;apos;, os.arch: &amp;apos;amd64&amp;apos;, os.version: &amp;apos;10.0&amp;apos;, java.version: &amp;apos;12.0.1&amp;apos;
Driver info: driver.version: unknown">
      <![CDATA[org.openqa.selenium.NoSuchElementException: Cannot locate element with text: Vacation US 
For documentation on this error, please visit: https://www.seleniumhq.org/exceptions/no_such_element.html
Build info: version: '3.141.59', revision: 'e82be7d358', time: '2018-11-14T08:17:03'
System info: host: 'JESUWIN', ip: '192.168.43.142', os.name: 'Windows 10', os.arch: 'amd64', os.version: '10.0', java.version: '12.0.1'
Driver info: driver.version: unknown
at org.openqa.selenium.support.ui.Select.selectByVisibleText(Select.java:147)
at base.BasePage.selectElementByVisibleText(BasePage.java:226)
at pages.AssignLeavePage.fillAssignLeaveForm(AssignLeavePage.java:21)
at testcases.test1.assignPageTest(test1.java:58)
... Removed 25 stack frames]]>
    </failure>
  </testcase> <!-- assignPageTest -->
</testsuite> <!-- Test -->
