<html>
<head>
<title>TestNG:  GenericTest</title>
<link href="../testng.css" rel="stylesheet" type="text/css" />
<link href="../my-testng.css" rel="stylesheet" type="text/css" />

<style type="text/css">
.log { display: none;} 
.stack-trace { display: none;} 
</style>
<script type="text/javascript">
<!--
function flip(e) {
  current = e.style.display;
  if (current == 'block') {
    e.style.display = 'none';
    return 0;
  }
  else {
    e.style.display = 'block';
    return 1;
  }
}

function toggleBox(szDivId, elem, msg1, msg2)
{
  var res = -1;  if (document.getElementById) {
    res = flip(document.getElementById(szDivId));
  }
  else if (document.all) {
    // this is the way old msie versions work
    res = flip(document.all[szDivId]);
  }
  if(elem) {
    if(res == 0) elem.innerHTML = msg1; else elem.innerHTML = msg2;
  }

}

function toggleAllBoxes() {
  if (document.getElementsByTagName) {
    d = document.getElementsByTagName('div');
    for (i = 0; i < d.length; i++) {
      if (d[i].className == 'log') {
        flip(d[i]);
      }
    }
  }
}

// -->
</script>

</head>
<body>
<h2 align='center'>GenericTest</h2><table border='1' align="center">
<tr>
<td>Tests passed/Failed/Skipped:</td><td>12/1/0</td>
</tr><tr>
<td>Started on:</td><td>Fri Apr 17 09:10:38 IST 2020</td>
</tr>
<tr><td>Total time:</td><td>55 seconds (55124 ms)</td>
</tr><tr>
<td>Included groups:</td><td></td>
</tr><tr>
<td>Excluded groups:</td><td></td>
</tr>
</table><p/>
<small><i>(Hover the method name to see the test class name)</i></small><p/>
<table width='100%' border='1' class='invocation-failed'>
<tr><td colspan='4' align='center'><b>FAILED TESTS</b></td></tr>
<tr><td><b>Test method</b></td>
<td width="30%"><b>Exception</b></td>
<td width="10%"><b>Time (seconds)</b></td>
<td><b>Instance</b></td>
</tr>
<tr>
<td title='testcases.TestCaseOne.getTimeSheetForEmp()'><b>getTimeSheetForEmp</b><br>Test class: testcases.TestCaseOne<br>Parameters: {emptosearch=Hannah Flores}</td>
<td><div><pre>org.openqa.selenium.StaleElementReferenceException: stale element reference: element is not attached to the page document
  (Session info: chrome=81.0.4044.92)
For documentation on this error, please visit: https://www.seleniumhq.org/exceptions/stale_element_reference.html
Build info: version: &apos;3.141.59&apos;, revision: &apos;e82be7d358&apos;, time: &apos;2018-11-14T08:17:03&apos;
System info: host: &apos;JESUWIN&apos;, ip: &apos;192.168.0.102&apos;, os.name: &apos;Windows 10&apos;, os.arch: &apos;amd64&apos;, os.version: &apos;10.0&apos;, java.version: &apos;12.0.1&apos;
Driver info: org.openqa.selenium.chrome.ChromeDriver
Capabilities {acceptInsecureCerts: false, browserName: chrome, browserVersion: 81.0.4044.92, chrome: {chromedriverVersion: 81.0.4044.69 (6813546031a4b..., userDataDir: C:\Users\Jesuwin\AppData\Lo...}, goog:chromeOptions: {debuggerAddress: localhost:50589}, javascriptEnabled: true, networkConnectionEnabled: false, pageLoadStrategy: normal, platform: WINDOWS, platformName: WINDOWS, proxy: Proxy(), setWindowRect: true, strictFileInteractability: false, timeouts: {implicit: 0, pageLoad: 300000, script: 30000}, unhandledPromptBehavior: dismiss and notify, webauthn:virtualAuthenticators: true}
Session ID: 4e2319682caea77b792054afb2d56c18
	at org.openqa.selenium.remote.http.W3CHttpResponseCodec.createException(W3CHttpResponseCodec.java:187)
	at org.openqa.selenium.remote.http.W3CHttpResponseCodec.decode(W3CHttpResponseCodec.java:122)
	at org.openqa.selenium.remote.http.W3CHttpResponseCodec.decode(W3CHttpResponseCodec.java:49)
	at org.openqa.selenium.remote.HttpCommandExecutor.execute(HttpCommandExecutor.java:158)
	at org.openqa.selenium.remote.service.DriverCommandExecutor.execute(DriverCommandExecutor.java:83)
	at org.openqa.selenium.remote.RemoteWebDriver.execute(RemoteWebDriver.java:552)
	at org.openqa.selenium.remote.RemoteWebElement.execute(RemoteWebElement.java:285)
	at org.openqa.selenium.remote.RemoteWebElement.sendKeys(RemoteWebElement.java:106)
	at base.BasePage.type(BasePage.java:321)
	at pages.DashboardPage.getTimeSheetforEmp(DashboardPage.java:53)
	at testcases.TestCaseOne.getTimeSheetForEmp(TestCaseOne.java:138)
	at java.base/java.util.concurrent.ThreadPoolExecutor.runWorker(ThreadPoolExecutor.java:1128)
	at java.base/java.util.concurrent.ThreadPoolExecutor$Worker.run(ThreadPoolExecutor.java:628)
	at java.base/java.lang.Thread.run(Thread.java:835)
... Removed 15 stack frames</pre></div><a href='#' onClick='toggleBox("stack-trace1310496031", this, "Click to show all stack frames", "Click to hide stack frames")'>Click to show all stack frames</a>
<div class='stack-trace' id='stack-trace1310496031'><pre>org.openqa.selenium.StaleElementReferenceException: stale element reference: element is not attached to the page document
  (Session info: chrome=81.0.4044.92)
For documentation on this error, please visit: https://www.seleniumhq.org/exceptions/stale_element_reference.html
Build info: version: &apos;3.141.59&apos;, revision: &apos;e82be7d358&apos;, time: &apos;2018-11-14T08:17:03&apos;
System info: host: &apos;JESUWIN&apos;, ip: &apos;192.168.0.102&apos;, os.name: &apos;Windows 10&apos;, os.arch: &apos;amd64&apos;, os.version: &apos;10.0&apos;, java.version: &apos;12.0.1&apos;
Driver info: org.openqa.selenium.chrome.ChromeDriver
Capabilities {acceptInsecureCerts: false, browserName: chrome, browserVersion: 81.0.4044.92, chrome: {chromedriverVersion: 81.0.4044.69 (6813546031a4b..., userDataDir: C:\Users\Jesuwin\AppData\Lo...}, goog:chromeOptions: {debuggerAddress: localhost:50589}, javascriptEnabled: true, networkConnectionEnabled: false, pageLoadStrategy: normal, platform: WINDOWS, platformName: WINDOWS, proxy: Proxy(), setWindowRect: true, strictFileInteractability: false, timeouts: {implicit: 0, pageLoad: 300000, script: 30000}, unhandledPromptBehavior: dismiss and notify, webauthn:virtualAuthenticators: true}
Session ID: 4e2319682caea77b792054afb2d56c18
	at java.base/jdk.internal.reflect.NativeConstructorAccessorImpl.newInstance0(Native Method)
	at java.base/jdk.internal.reflect.NativeConstructorAccessorImpl.newInstance(NativeConstructorAccessorImpl.java:62)
	at java.base/jdk.internal.reflect.DelegatingConstructorAccessorImpl.newInstance(DelegatingConstructorAccessorImpl.java:45)
	at java.base/java.lang.reflect.Constructor.newInstanceWithCaller(Constructor.java:500)
	at java.base/java.lang.reflect.Constructor.newInstance(Constructor.java:481)
	at org.openqa.selenium.remote.http.W3CHttpResponseCodec.createException(W3CHttpResponseCodec.java:187)
	at org.openqa.selenium.remote.http.W3CHttpResponseCodec.decode(W3CHttpResponseCodec.java:122)
	at org.openqa.selenium.remote.http.W3CHttpResponseCodec.decode(W3CHttpResponseCodec.java:49)
	at org.openqa.selenium.remote.HttpCommandExecutor.execute(HttpCommandExecutor.java:158)
	at org.openqa.selenium.remote.service.DriverCommandExecutor.execute(DriverCommandExecutor.java:83)
	at org.openqa.selenium.remote.RemoteWebDriver.execute(RemoteWebDriver.java:552)
	at org.openqa.selenium.remote.RemoteWebElement.execute(RemoteWebElement.java:285)
	at org.openqa.selenium.remote.RemoteWebElement.sendKeys(RemoteWebElement.java:106)
	at base.BasePage.type(BasePage.java:321)
	at pages.DashboardPage.getTimeSheetforEmp(DashboardPage.java:53)
	at testcases.TestCaseOne.getTimeSheetForEmp(TestCaseOne.java:138)
	at java.base/jdk.internal.reflect.NativeMethodAccessorImpl.invoke0(Native Method)
	at java.base/jdk.internal.reflect.NativeMethodAccessorImpl.invoke(NativeMethodAccessorImpl.java:62)
	at java.base/jdk.internal.reflect.DelegatingMethodAccessorImpl.invoke(DelegatingMethodAccessorImpl.java:43)
	at java.base/java.lang.reflect.Method.invoke(Method.java:567)
	at org.testng.internal.MethodInvocationHelper.invokeMethod(MethodInvocationHelper.java:124)
	at org.testng.internal.Invoker.invokeMethod(Invoker.java:583)
	at org.testng.internal.Invoker.invokeTestMethod(Invoker.java:719)
	at org.testng.internal.Invoker.invokeTestMethods(Invoker.java:989)
	at org.testng.internal.TestMethodWorker.invokeTestMethods(TestMethodWorker.java:125)
	at org.testng.internal.TestMethodWorker.run(TestMethodWorker.java:109)
	at java.base/java.util.concurrent.ThreadPoolExecutor.runWorker(ThreadPoolExecutor.java:1128)
	at java.base/java.util.concurrent.ThreadPoolExecutor$Worker.run(ThreadPoolExecutor.java:628)
	at java.base/java.lang.Thread.run(Thread.java:835)
</pre></div></td>
<td>0</td>
<td>testcases.TestCaseOne@b9b00e0</td></tr>
</table><p>
<table width='100%' border='1' class='invocation-passed'>
<tr><td colspan='4' align='center'><b>PASSED TESTS</b></td></tr>
<tr><td><b>Test method</b></td>
<td width="30%"><b>Exception</b></td>
<td width="10%"><b>Time (seconds)</b></td>
<td><b>Instance</b></td>
</tr>
<tr>
<td title='testcases.TestCaseOne.DashBoardTest()'><b>DashBoardTest</b><br>Test class: testcases.TestCaseOne</td>
<td></td>
<td>3</td>
<td>testcases.TestCaseOne@b9b00e0</td></tr>
<tr>
<td title='testcases.TestCaseOne.PimPageTest()'><b>PimPageTest</b><br>Test class: testcases.TestCaseOne<br>Parameters: {emptosearch=Hannah Flores}</td>
<td></td>
<td>3</td>
<td>testcases.TestCaseOne@b9b00e0</td></tr>
<tr>
<td title='testcases.TestCaseOne.assignPageTest()'><b>assignPageTest</b><br>Test class: testcases.TestCaseOne<br>Parameters: {empname=John Smith, duration=Full Day, leavetype=Vacation US, todate=2020-06-01, partialday=All Days, comment=Vacation, fromdate=2020-05-01}</td>
<td></td>
<td>11</td>
<td>testcases.TestCaseOne@b9b00e0</td></tr>
<tr>
<td title='testcases.TestCaseOne.directoryPageTest()'><b>directoryPageTest</b><br>Test class: testcases.TestCaseOne<br>Parameters: {emptosearch=Hannah Flores}</td>
<td></td>
<td>9</td>
<td>testcases.TestCaseOne@b9b00e0</td></tr>
<tr>
<td title='testcases.TestCaseOne.goToPIMModule()'><b>goToPIMModule</b><br>Test class: testcases.TestCaseOne</td>
<td></td>
<td>1</td>
<td>testcases.TestCaseOne@b9b00e0</td></tr>
<tr>
<td title='testcases.TestCaseOne.goToPurgeRecords()'><b>goToPurgeRecords</b><br>Test class: testcases.TestCaseOne</td>
<td></td>
<td>1</td>
<td>testcases.TestCaseOne@b9b00e0</td></tr>
<tr>
<td title='testcases.TestCaseOne.leaveReportPageTest()'><b>leaveReportPageTest</b><br>Test class: testcases.TestCaseOne<br>Parameters: {employee=Fiona Grace, generatefor=Employee}</td>
<td></td>
<td>4</td>
<td>testcases.TestCaseOne@b9b00e0</td></tr>
<tr>
<td title='testcases.TestCaseOne.loginPageTest()'><b>loginPageTest</b><br>Test class: testcases.TestCaseOne<br>Parameters: {uname=Admin, pass=admin123}</td>
<td></td>
<td>7</td>
<td>testcases.TestCaseOne@b9b00e0</td></tr>
<tr>
<td title='testcases.TestCaseOne.maintenancePageTest()'><b>maintenancePageTest</b><br>Test class: testcases.TestCaseOne<br>Parameters: {emptosearch=Hannah Flores}</td>
<td></td>
<td>2</td>
<td>testcases.TestCaseOne@b9b00e0</td></tr>
<tr>
<td title='testcases.TestCaseOne.navigateToLeaveReportsPage()'><b>navigateToLeaveReportsPage</b><br>Test class: testcases.TestCaseOne</td>
<td></td>
<td>1</td>
<td>testcases.TestCaseOne@b9b00e0</td></tr>
<tr>
<td title='testcases.TestCaseOne.navigateToTimeSheetPage()'><b>navigateToTimeSheetPage</b><br>Test class: testcases.TestCaseOne</td>
<td></td>
<td>0</td>
<td>testcases.TestCaseOne@b9b00e0</td></tr>
<tr>
<td title='testcases.TestCaseOne.newEmployeeTest()'><b>newEmployeeTest</b><br>Test class: testcases.TestCaseOne<br>Parameters: {empid=1020.0, middlename=S, firstname=Jesuwin, lastname=Wilfred}</td>
<td></td>
<td>4</td>
<td>testcases.TestCaseOne@b9b00e0</td></tr>
</table><p>
</body>
</html>